<?xml version="1.0" encoding="UTF-8"?>
<!-- Generated by org.testng.reporters.JUnitReportReporter -->
<testsuite hostname="LMIPL-164" failures="0" tests="3" name="test.qa.pages.Homepagetest" time="70.861" errors="0" timestamp="03 Dec 2019 19:25:06 GMT" skipped="0">
  <testcase classname="test.qa.pages.Homepagetest" name="verifyhomepagetitle" time="18.025"/>
  <testcase classname="test.qa.pages.Homepagetest" name="erwinlogo" time="21.409"/>
  <testcase classname="test.qa.pages.Homepagetest" name="about" time="31.427"/>
</testsuite> <!-- test.qa.pages.Homepagetest -->
